<?xml version="1.0" encoding="UTF-8"?>
<!-- Generated by org.testng.reporters.JUnitXMLReporter -->
<testsuite hostname="Sajith" ignored="0" name="Test" tests="1" failures="1" timestamp="16 Jan 2018 06:32:53 GMT" time="172.168" errors="0">
  <testcase name="@AfterMethod teardown" time="0.016" classname="scripts.BaseTest">
    <failure type="org.openqa.selenium.WebDriverException" message="Tried to run command without establishing a connection
Build info: version: &amp;apos;3.6.0&amp;apos;, revision: &amp;apos;6fbf3ec767&amp;apos;, time: &amp;apos;2017-09-27T16:15:26.402Z&amp;apos;
System info: host: &amp;apos;SAJITH&amp;apos;, ip: &amp;apos;192.168.234.1&amp;apos;, os.name: &amp;apos;Windows 7&amp;apos;, os.arch: &amp;apos;x86&amp;apos;, os.version: &amp;apos;6.1&amp;apos;, java.version: &amp;apos;1.8.0_121&amp;apos;
Driver info: org.openqa.selenium.firefox.FirefoxDriver
Capabilities [{moz:profile=C:\Users\Sujith\AppData\Local\Temp\rust_mozprofile.ee6JGCfoxXvC, rotatable=false, timeouts={implicit=0, pageLoad=300000, script=30000}, pageLoadStrategy=normal, moz:headless=false, platform=XP, moz:accessibilityChecks=false, acceptInsecureCerts=true, browserVersion=57.0.4, platformVersion=6.1, moz:processID=3372, browserName=firefox, javascriptEnabled=true, platformName=XP, moz:webdriverClick=false}]
Session ID: e6b4bb1d-2bb9-4f18-929a-21adf7192c57">
      <![CDATA[org.openqa.selenium.WebDriverException: Tried to run command without establishing a connectionBuild info: version: '3.6.0', revision: '6fbf3ec767', time: '2017-09-27T16:15:26.402Z'System info: host: 'SAJITH', ip: '192.168.234.1', os.name: 'Windows 7', os.arch: 'x86', os.version: '6.1', java.version: '1.8.0_121'Driver info: org.openqa.selenium.firefox.FirefoxDriverCapabilities [{moz:profile=C:\Users\Sujith\AppData\Local\Temp\rust_mozprofile.ee6JGCfoxXvC, rotatable=false, timeouts={implicit=0, pageLoad=300000, script=30000}, pageLoadStrategy=normal, moz:headless=false, platform=XP, moz:accessibilityChecks=false, acceptInsecureCerts=true, browserVersion=57.0.4, platformVersion=6.1, moz:processID=3372, browserName=firefox, javascriptEnabled=true, platformName=XP, moz:webdriverClick=false}]Session ID: e6b4bb1d-2bb9-4f18-929a-21adf7192c57at org.openqa.selenium.remote.http.W3CHttpResponseCodec.createException(W3CHttpResponseCodec.java:185)at org.openqa.selenium.remote.http.W3CHttpResponseCodec.decode(W3CHttpResponseCodec.java:120)at org.openqa.selenium.remote.http.W3CHttpResponseCodec.decode(W3CHttpResponseCodec.java:49)at org.openqa.selenium.remote.HttpCommandExecutor.execute(HttpCommandExecutor.java:164)at org.openqa.selenium.remote.service.DriverCommandExecutor.execute(DriverCommandExecutor.java:83)at org.openqa.selenium.remote.RemoteWebDriver.execute(RemoteWebDriver.java:586)at org.openqa.selenium.remote.RemoteWebDriver.execute(RemoteWebDriver.java:643)at org.openqa.selenium.remote.RemoteWebDriver.close(RemoteWebDriver.java:472)at scripts.BaseTest.teardown(BaseTest.java:22)... Removed 32 stack frames]]>
    </failure>
  </testcase> <!-- @AfterMethod teardown -->
  <testcase name="testmethod1" time="156.018" classname="scripts.Test1">
    <failure type="org.openqa.selenium.WebDriverException" message="Failed to decode response from marionette
Build info: version: &amp;apos;3.6.0&amp;apos;, revision: &amp;apos;6fbf3ec767&amp;apos;, time: &amp;apos;2017-09-27T16:15:26.402Z&amp;apos;
System info: host: &amp;apos;SAJITH&amp;apos;, ip: &amp;apos;192.168.234.1&amp;apos;, os.name: &amp;apos;Windows 7&amp;apos;, os.arch: &amp;apos;x86&amp;apos;, os.version: &amp;apos;6.1&amp;apos;, java.version: &amp;apos;1.8.0_121&amp;apos;
Driver info: org.openqa.selenium.firefox.FirefoxDriver
Capabilities [{moz:profile=C:\Users\Sujith\AppData\Local\Temp\rust_mozprofile.ee6JGCfoxXvC, rotatable=false, timeouts={implicit=0, pageLoad=300000, script=30000}, pageLoadStrategy=normal, moz:headless=false, platform=XP, moz:accessibilityChecks=false, acceptInsecureCerts=true, browserVersion=57.0.4, platformVersion=6.1, moz:processID=3372, browserName=firefox, javascriptEnabled=true, platformName=XP, moz:webdriverClick=false}]
Session ID: e6b4bb1d-2bb9-4f18-929a-21adf7192c57
*** Element info: {Using=xpath, value=//div[@class=&amp;apos;tsf-p&amp;apos;]/div[2]/div[1]/div[1]/div[2]/div[1]/div[1]/div[2]/div[1]/input[@id=&amp;apos;lst-ib&amp;apos;]}">
      <![CDATA[org.openqa.selenium.WebDriverException: Failed to decode response from marionetteBuild info: version: '3.6.0', revision: '6fbf3ec767', time: '2017-09-27T16:15:26.402Z'System info: host: 'SAJITH', ip: '192.168.234.1', os.name: 'Windows 7', os.arch: 'x86', os.version: '6.1', java.version: '1.8.0_121'Driver info: org.openqa.selenium.firefox.FirefoxDriverCapabilities [{moz:profile=C:\Users\Sujith\AppData\Local\Temp\rust_mozprofile.ee6JGCfoxXvC, rotatable=false, timeouts={implicit=0, pageLoad=300000, script=30000}, pageLoadStrategy=normal, moz:headless=false, platform=XP, moz:accessibilityChecks=false, acceptInsecureCerts=true, browserVersion=57.0.4, platformVersion=6.1, moz:processID=3372, browserName=firefox, javascriptEnabled=true, platformName=XP, moz:webdriverClick=false}]Session ID: e6b4bb1d-2bb9-4f18-929a-21adf7192c57*** Element info: {Using=xpath, value=//div[@class='tsf-p']/div[2]/div[1]/div[1]/div[2]/div[1]/div[1]/div[2]/div[1]/input[@id='lst-ib']}at org.openqa.selenium.remote.http.W3CHttpResponseCodec.createException(W3CHttpResponseCodec.java:185)at org.openqa.selenium.remote.http.W3CHttpResponseCodec.decode(W3CHttpResponseCodec.java:120)at org.openqa.selenium.remote.http.W3CHttpResponseCodec.decode(W3CHttpResponseCodec.java:49)at org.openqa.selenium.remote.HttpCommandExecutor.execute(HttpCommandExecutor.java:164)at org.openqa.selenium.remote.service.DriverCommandExecutor.execute(DriverCommandExecutor.java:83)at org.openqa.selenium.remote.RemoteWebDriver.execute(RemoteWebDriver.java:586)at org.openqa.selenium.remote.RemoteWebDriver.findElement(RemoteWebDriver.java:356)at org.openqa.selenium.remote.RemoteWebDriver.findElementByXPath(RemoteWebDriver.java:458)at org.openqa.selenium.By$ByXPath.findElement(By.java:361)at org.openqa.selenium.remote.RemoteWebDriver.findElement(RemoteWebDriver.java:348)at org.openqa.selenium.support.pagefactory.DefaultElementLocator.findElement(DefaultElementLocator.java:69)at org.openqa.selenium.support.pagefactory.internal.LocatingElementHandler.invoke(LocatingElementHandler.java:38)at com.sun.proxy.$Proxy9.clear(Unknown Source)at POM.ReadGuru99ExcelFile.searchfunc(ReadGuru99ExcelFile.java:52)at scripts.Test1.testmethod1(Test1.java:18)... Removed 29 stack frames]]>
    </failure>
  </testcase> <!-- testmethod1 -->
</testsuite> <!-- Test -->
