<?xml version="1.0" encoding="UTF-8"?>
<testng-results skipped="0" failed="0" ignored="0" total="1" passed="1">
  <reporter-output>
  </reporter-output>
  <suite name="Suite" duration-ms="15213" started-at="2018-01-12T07:11:16Z" finished-at="2018-01-12T07:11:32Z">
    <groups>
    </groups>
    <test name="Test" duration-ms="15213" started-at="2018-01-12T07:11:16Z" finished-at="2018-01-12T07:11:32Z">
      <class name="scripts.Test1">
        <test-method status="PASS" signature="setup()[pri:0, instance:scripts.Test1@475530b9]" name="setup" is-config="true" duration-ms="8536" started-at="2018-01-12T12:41:16Z" finished-at="2018-01-12T12:41:25Z">
          <reporter-output>
          </reporter-output>
        </test-method> <!-- setup -->
        <test-method status="PASS" signature="testmethod1()[pri:0, instance:scripts.Test1@475530b9]" name="testmethod1" duration-ms="6600" started-at="2018-01-12T12:41:25Z" finished-at="2018-01-12T12:41:32Z">
          <reporter-output>
          </reporter-output>
        </test-method> <!-- testmethod1 -->
        <test-method status="PASS" signature="teardown()[pri:0, instance:scripts.Test1@475530b9]" name="teardown" is-config="true" duration-ms="58" started-at="2018-01-12T12:41:32Z" finished-at="2018-01-12T12:41:32Z">
          <reporter-output>
          </reporter-output>
        </test-method> <!-- teardown -->
      </class> <!-- scripts.Test1 -->
    </test> <!-- Test -->
  </suite> <!-- Suite -->
</testng-results>
